<?xml version="1.0" encoding="UTF-8"?>
<!-- Generated by org.testng.reporters.JUnitXMLReporter -->
<testsuite ignored="0" hostname="Z-LAP-0223" failures="1" tests="1" name="TC_Job_Creation2" time="0.008" errors="0" timestamp="2026-03-07T05:33:01 EST">
  <testcase classname="UtilityPackages.SlackNotifier" name="sendSlackMessage" time="0.0">
    <failure type="org.testng.TestNGException" message="
Cannot inject @Test annotated Method [sendSlackMessage] with [class java.lang.String].
For more information on native dependency injection please refer to https://testng.org/#_dependency_injection">
      <![CDATA[org.testng.TestNGException: 
Cannot inject @Test annotated Method [sendSlackMessage] with [class java.lang.String].
For more information on native dependency injection please refer to https://testng.org/#_dependency_injection
at java.base/java.util.ArrayList.forEach(ArrayList.java:1511)
... Removed 26 stack frames]]>
    </failure>
  </testcase> <!-- sendSlackMessage -->
</testsuite> <!-- TC_Job_Creation2 -->
