<?xml version="1.0" encoding="UTF-8"?>
<!-- Generated by org.testng.reporters.JUnitXMLReporter -->
<testsuite ignored="0" hostname="Z-LAP-0223" failures="0" tests="5" name="TC_Job_Creation1" time="452.269" errors="0" timestamp="2026-06-16T01:45:08 EDT">
  <testcase classname="RunnerClass.TC_CombinedSanityCasesWithoutMinimize" name="verify_IncommingAndOutgoingCallsWithTwilioVoiceApp" time="86.85"/>
  <testcase classname="RunnerClass.TC_CombinedSanityCasesWithoutMinimize" name="verify_ColdTransferFunctionality" time="85.88"/>
  <testcase classname="RunnerClass.TC_CombinedSanityCasesWithoutMinimize" name="verify_WarmCallTransferFunctionality" time="64.721"/>
  <testcase classname="RunnerClass.TC_CombinedSanityCasesWithoutMinimize" name="verify_OutgoingAndIncommingMessages" time="79.866"/>
  <testcase classname="RunnerClass.TC_CombinedSanityCasesWithoutMinimize" name="verify_OutgoingAndIncommingMMS" time="110.045"/>
</testsuite> <!-- TC_Job_Creation1 -->
