<?xml version="1.0" encoding="UTF-8"?>
<testng-results ignored="0" total="1" passed="1" failed="0" skipped="0">
  <reporter-output>
  </reporter-output>
  <suite started-at="2026-09-18T01:39:35 EDT" name="Default suite" finished-at="2026-09-18T01:42:21 EDT" duration-ms="166257">
    <groups>
    </groups>
    <test started-at="2026-09-18T01:39:35 EDT" name="Default test" finished-at="2026-09-18T01:42:21 EDT" duration-ms="166257">
      <class name="RunnerClass.TC_WarmCallTransfer">
        <test-method signature="verify_WarmCallTransferFunctionalities()[pri:0, instance:RunnerClass.TC_WarmCallTransfer@19648c40]" started-at="2026-09-18T01:39:35 EDT" name="verify_WarmCallTransferFunctionalities" finished-at="2026-09-18T01:42:21 EDT" duration-ms="165508" status="PASS">
          <reporter-output>
          </reporter-output>
        </test-method> <!-- verify_WarmCallTransferFunctionalities -->
        <test-method is-config="true" signature="sendReportToSlack()[pri:0, instance:RunnerClass.TC_WarmCallTransfer@19648c40]" started-at="2026-09-18T01:42:21 EDT" name="sendReportToSlack" finished-at="2026-09-18T01:42:21 EDT" duration-ms="712" status="PASS">
          <reporter-output>
          </reporter-output>
        </test-method> <!-- sendReportToSlack -->
      </class> <!-- RunnerClass.TC_WarmCallTransfer -->
    </test> <!-- Default test -->
  </suite> <!-- Default suite -->
</testng-results>
