<?xml version="1.0" encoding="UTF-8"?>
<!-- Generated by org.testng.reporters.JUnitReportReporter -->
<testsuite hostname="Z-LAP-0223" failures="0" tests="5" name="RunnerClass.TC_CombinedSanityCases_UAT" time="373.819" errors="2" timestamp="2026-06-24T05:03:39 EDT" skipped="0">
  <testcase classname="RunnerClass.TC_CombinedSanityCases_UAT" name="verify_IncommingAndOutgoingCallsWithTwilioVoiceApp" time="100.913"/>
  <testcase classname="RunnerClass.TC_CombinedSanityCases_UAT" name="verify_ColdTransferFunctionality" time="93.226"/>
  <testcase classname="RunnerClass.TC_CombinedSanityCases_UAT" name="verify_WarmCallTransferFunctionality" time="71.442"/>
  <testcase classname="RunnerClass.TC_CombinedSanityCases_UAT" name="verify_OutgoingAndIncommingMessages" time="52.394">
    <error message="no such element: Unable to locate element: {&quot;method&quot;:&quot;xpath&quot;,&quot;selector&quot;:&quot;//app-call-inbox//ng-icon&quot;}
  (Session info: chrome=149.0.7827.156)
For documentation on this error, please visit: https://www.selenium.dev/documentation/webdriver/troubleshooting/errors#no-such-element-exception
Build info: version: &#039;4.20.0&#039;, revision: &#039;866c76ca80&#039;
System info: os.name: &#039;Windows 11&#039;, os.arch: &#039;amd64&#039;, os.version: &#039;10.0&#039;, java.version: &#039;17.0.10&#039;
Driver info: org.openqa.selenium.chrome.ChromeDriver
Command: [c7790edcb4364e919076faf8a79ea47e, findElement {using=xpath, value=//app-call-inbox//ng-icon}]
Capabilities {acceptInsecureCerts: false, browserName: chrome, browserVersion: 149.0.7827.156, chrome: {chromedriverVersion: 149.0.7827.155 (07b52360cc1..., userDataDir: C:\Users\RATHIN~1.K\AppData...}, fedcm:accounts: true, goog:chromeOptions: {debuggerAddress: localhost:51706}, goog:processID: 28820, networkConnectionEnabled: false, pageLoadStrategy: normal, platformName: windows, proxy: Proxy(), se:cdp: ws://localhost:51706/devtoo..., se:cdpVersion: 149.0.7827.156, setWindowRect: true, strictFileInteractability: false, timeouts: {implicit: 0, pageLoad: 300000, script: 30000}, unhandledPromptBehavior: dismiss and notify, webauthn:extension:credBlob: true, webauthn:extension:largeBlob: true, webauthn:extension:minPinLength: true, webauthn:extension:prf: true, webauthn:virtualAuthenticators: true}
Session ID: c7790edcb4364e919076faf8a79ea47e" type="org.openqa.selenium.NoSuchElementException">
      <![CDATA[org.openqa.selenium.NoSuchElementException: no such element: Unable to locate element: {"method":"xpath","selector":"//app-call-inbox//ng-icon"}
  (Session info: chrome=149.0.7827.156)
For documentation on this error, please visit: https://www.selenium.dev/documentation/webdriver/troubleshooting/errors#no-such-element-exception
Build info: version: '4.20.0', revision: '866c76ca80'
System info: os.name: 'Windows 11', os.arch: 'amd64', os.version: '10.0', java.version: '17.0.10'
Driver info: org.openqa.selenium.chrome.ChromeDriver
Command: [c7790edcb4364e919076faf8a79ea47e, findElement {using=xpath, value=//app-call-inbox//ng-icon}]
Capabilities {acceptInsecureCerts: false, browserName: chrome, browserVersion: 149.0.7827.156, chrome: {chromedriverVersion: 149.0.7827.155 (07b52360cc1..., userDataDir: C:\Users\RATHIN~1.K\AppData...}, fedcm:accounts: true, goog:chromeOptions: {debuggerAddress: localhost:51706}, goog:processID: 28820, networkConnectionEnabled: false, pageLoadStrategy: normal, platformName: windows, proxy: Proxy(), se:cdp: ws://localhost:51706/devtoo..., se:cdpVersion: 149.0.7827.156, setWindowRect: true, strictFileInteractability: false, timeouts: {implicit: 0, pageLoad: 300000, script: 30000}, unhandledPromptBehavior: dismiss and notify, webauthn:extension:credBlob: true, webauthn:extension:largeBlob: true, webauthn:extension:minPinLength: true, webauthn:extension:prf: true, webauthn:virtualAuthenticators: true}
Session ID: c7790edcb4364e919076faf8a79ea47e
at java.base/jdk.internal.reflect.NativeConstructorAccessorImpl.newInstance0(Native Method)
at java.base/jdk.internal.reflect.NativeConstructorAccessorImpl.newInstance(NativeConstructorAccessorImpl.java:77)
at java.base/jdk.internal.reflect.DelegatingConstructorAccessorImpl.newInstance(DelegatingConstructorAccessorImpl.java:45)
at java.base/java.lang.reflect.Constructor.newInstanceWithCaller(Constructor.java:499)
at java.base/java.lang.reflect.Constructor.newInstance(Constructor.java:480)
at org.openqa.selenium.remote.ErrorCodec.decode(ErrorCodec.java:167)
at org.openqa.selenium.remote.codec.w3c.W3CHttpResponseCodec.decode(W3CHttpResponseCodec.java:138)
at org.openqa.selenium.remote.codec.w3c.W3CHttpResponseCodec.decode(W3CHttpResponseCodec.java:50)
at org.openqa.selenium.remote.HttpCommandExecutor.execute(HttpCommandExecutor.java:190)
at org.openqa.selenium.remote.service.DriverCommandExecutor.invokeExecute(DriverCommandExecutor.java:216)
at org.openqa.selenium.remote.service.DriverCommandExecutor.execute(DriverCommandExecutor.java:174)
at org.openqa.selenium.remote.RemoteWebDriver.execute(RemoteWebDriver.java:518)
at org.openqa.selenium.remote.ElementLocation$ElementFinder$2.findElement(ElementLocation.java:165)
at org.openqa.selenium.remote.ElementLocation.findElement(ElementLocation.java:59)
at org.openqa.selenium.remote.RemoteWebDriver.findElement(RemoteWebDriver.java:355)
at org.openqa.selenium.remote.RemoteWebDriver.findElement(RemoteWebDriver.java:349)
at UtilityPackages.Non_WebDriver_Util.waitForBeClickable(Non_WebDriver_Util.java:225)
at PageObjectRep.ZuperConnectPageFactory.selectAllInboxes(ZuperConnectPageFactory.java:61)
at RunnerClass.TC_CombinedSanityCases_UAT.verify_OutgoingAndIncommingMessages(TC_CombinedSanityCases_UAT.java:175)
at java.base/jdk.internal.reflect.NativeMethodAccessorImpl.invoke0(Native Method)
at java.base/jdk.internal.reflect.NativeMethodAccessorImpl.invoke(NativeMethodAccessorImpl.java:77)
at java.base/jdk.internal.reflect.DelegatingMethodAccessorImpl.invoke(DelegatingMethodAccessorImpl.java:43)
at java.base/java.lang.reflect.Method.invoke(Method.java:568)
at org.testng.internal.invokers.MethodInvocationHelper.invokeMethod(MethodInvocationHelper.java:141)
at org.testng.internal.invokers.TestInvoker.invokeMethod(TestInvoker.java:687)
at org.testng.internal.invokers.TestInvoker.invokeTestMethod(TestInvoker.java:230)
at org.testng.internal.invokers.MethodRunner.runInSequence(MethodRunner.java:63)
at org.testng.internal.invokers.TestInvoker$MethodInvocationAgent.invoke(TestInvoker.java:995)
at org.testng.internal.invokers.TestInvoker.invokeTestMethods(TestInvoker.java:203)
at org.testng.internal.invokers.TestMethodWorker.invokeTestMethods(TestMethodWorker.java:154)
at org.testng.internal.invokers.TestMethodWorker.run(TestMethodWorker.java:134)
at java.base/java.util.ArrayList.forEach(ArrayList.java:1511)
at org.testng.TestRunner.privateRun(TestRunner.java:741)
at org.testng.TestRunner.run(TestRunner.java:616)
at org.testng.SuiteRunner.runTest(SuiteRunner.java:421)
at org.testng.SuiteRunner.runSequentially(SuiteRunner.java:413)
at org.testng.SuiteRunner.privateRun(SuiteRunner.java:373)
at org.testng.SuiteRunner.run(SuiteRunner.java:312)
at org.testng.SuiteRunnerWorker.runSuite(SuiteRunnerWorker.java:52)
at org.testng.SuiteRunnerWorker.run(SuiteRunnerWorker.java:95)
at org.testng.TestNG.runSuitesSequentially(TestNG.java:1274)
at org.testng.TestNG.runSuitesLocally(TestNG.java:1208)
at org.testng.TestNG.runSuites(TestNG.java:1112)
at org.testng.TestNG.run(TestNG.java:1079)
at org.testng.remote.AbstractRemoteTestNG.run(AbstractRemoteTestNG.java:115)
at org.testng.remote.RemoteTestNG.initAndRun(RemoteTestNG.java:293)
at org.testng.remote.RemoteTestNG.main(RemoteTestNG.java:91)
]]>
    </error>
  </testcase> <!-- verify_OutgoingAndIncommingMessages -->
  <testcase classname="RunnerClass.TC_CombinedSanityCases_UAT" name="verify_OutgoingAndIncommingMMS" time="55.844">
    <error message="element click intercepted: Element &lt;button class=&quot;flex items-center px-2 py-1 bg-[#0172CB] text-white rounded-md shadow-md hover:bg-[#005AA3] min-w-[120px] justify-center font-semibold&quot;&gt;...&lt;/button&gt; is not clickable at point (1263, 729). Other element would receive the click: &lt;iframe _ngcontent-ng-c2824830262=&quot;&quot; id=&quot;zuper-connect-frame&quot; title=&quot;zuper-connect-frame&quot; allow=&quot;microphone&quot; class=&quot;zuper-connect-iframe ng-star-inserted contextual-display&quot; src=&quot;https://connect-widget.zuperpro.com/caller?companyLoginName=Reportbuildertest&amp;amp;zuperAuthToken=eyJhbGciOiJIUzI1NiIsInR5cCI6IkpXVCJ9.eyJleHBpcmVzIjoxNzg0ODgwMDAwODE4LCJjb21wYW55Ijp7ImNvbXBhbnlfdWlkIjoiNDc1OTY1ZDEtMzI3Mi00OTVlLTk4ZmUtNzQxZDkxODUzMWIyIn0sInVzZXIiOnsiY29tcGFueV9pZCI6MTAwMTA4OCwiZW1haWwiOiJjb25uZWN0YWRtaW5AZ21haWwuY29tIiwidXNlcl9pZCI6MjY1ODEsInVzZXJfdWlkIjoiMjZhNGE0MGQtMDcxNS00OWVhLTkwYWItZjA2MWRiMjU3OWExIiwicm9sZSI6eyJyb2xlX2lkIjoxLCJyb2xlX3VpZCI6IjUwNGU0ZWFjLWZmN2QtMTFlNy04YmU1LTBlZDVmODlmNzE4YiIsInJvbGVfbmFtZSI6IkFkbWluIiwicm9sZV9rZXkiOiJBRE1JTiIsImNyZWF0ZWRfYXQiOiIyMDE4LTAxLTIyVDAwOjAwOjAwLjAwMFoiLCJ1cGRhdGVkX2F0IjoiMjAxOC0wMS0yMlQwMDowMDowMC4wMDBaIn0sImZpcnN0X25hbWUiOiJDb25uZWN0IiwibGFzdF9uYW1lIjoiQWRtaW4iLCJidXNpbmVzc191bml0cyI6W10sImFjY2Vzc19yb2xlX3VpZCI6bnVsbH0sInNlc3Npb24iOnsidXNlcl9zZXNzaW9uX3VpZCI6IjkxZDYwMGJkLWRlNzAtNDJhYi1hZTdjLTU3MmY0YzlmOWM0MSIsInVzZXJfc2Vzc2lvbl9pZCI6MjQ2MzIzfSwiaWF0IjoxNzgyMjkxNzQ1fQ.9iwhAmeRuF1C9oCXpGdxrw7cl6RD8vT8MInfacs8tO4&quot;&gt;&lt;/iframe&gt;
  (Session info: chrome=149.0.7827.156)
Build info: version: &#039;4.20.0&#039;, revision: &#039;866c76ca80&#039;
System info: os.name: &#039;Windows 11&#039;, os.arch: &#039;amd64&#039;, os.version: &#039;10.0&#039;, java.version: &#039;17.0.10&#039;
Driver info: org.openqa.selenium.chrome.ChromeDriver
Command: [c7790edcb4364e919076faf8a79ea47e, clickElement {id=f.F5F30C3C06FA6B6A49826DE588913CFE.d.ACCF5E5D5DA13B49B98094BB15976509.e.733}]
Capabilities {acceptInsecureCerts: false, browserName: chrome, browserVersion: 149.0.7827.156, chrome: {chromedriverVersion: 149.0.7827.155 (07b52360cc1..., userDataDir: C:\Users\RATHIN~1.K\AppData...}, fedcm:accounts: true, goog:chromeOptions: {debuggerAddress: localhost:51706}, goog:processID: 28820, networkConnectionEnabled: false, pageLoadStrategy: normal, platformName: windows, proxy: Proxy(), se:cdp: ws://localhost:51706/devtoo..., se:cdpVersion: 149.0.7827.156, setWindowRect: true, strictFileInteractability: false, timeouts: {implicit: 0, pageLoad: 300000, script: 30000}, unhandledPromptBehavior: dismiss and notify, webauthn:extension:credBlob: true, webauthn:extension:largeBlob: true, webauthn:extension:minPinLength: true, webauthn:extension:prf: true, webauthn:virtualAuthenticators: true}
Element: [[ChromeDriver: chrome on windows (c7790edcb4364e919076faf8a79ea47e)] -&gt; xpath: //*[contains(text(),&#039;Mark as read&#039;)]]
Session ID: c7790edcb4364e919076faf8a79ea47e" type="org.openqa.selenium.ElementClickInterceptedException">
      <![CDATA[org.openqa.selenium.ElementClickInterceptedException: element click intercepted: Element <button class="flex items-center px-2 py-1 bg-[#0172CB] text-white rounded-md shadow-md hover:bg-[#005AA3] min-w-[120px] justify-center font-semibold">...</button> is not clickable at point (1263, 729). Other element would receive the click: <iframe _ngcontent-ng-c2824830262="" id="zuper-connect-frame" title="zuper-connect-frame" allow="microphone" class="zuper-connect-iframe ng-star-inserted contextual-display" src="https://connect-widget.zuperpro.com/caller?companyLoginName=Reportbuildertest&amp;zuperAuthToken=eyJhbGciOiJIUzI1NiIsInR5cCI6IkpXVCJ9.eyJleHBpcmVzIjoxNzg0ODgwMDAwODE4LCJjb21wYW55Ijp7ImNvbXBhbnlfdWlkIjoiNDc1OTY1ZDEtMzI3Mi00OTVlLTk4ZmUtNzQxZDkxODUzMWIyIn0sInVzZXIiOnsiY29tcGFueV9pZCI6MTAwMTA4OCwiZW1haWwiOiJjb25uZWN0YWRtaW5AZ21haWwuY29tIiwidXNlcl9pZCI6MjY1ODEsInVzZXJfdWlkIjoiMjZhNGE0MGQtMDcxNS00OWVhLTkwYWItZjA2MWRiMjU3OWExIiwicm9sZSI6eyJyb2xlX2lkIjoxLCJyb2xlX3VpZCI6IjUwNGU0ZWFjLWZmN2QtMTFlNy04YmU1LTBlZDVmODlmNzE4YiIsInJvbGVfbmFtZSI6IkFkbWluIiwicm9sZV9rZXkiOiJBRE1JTiIsImNyZWF0ZWRfYXQiOiIyMDE4LTAxLTIyVDAwOjAwOjAwLjAwMFoiLCJ1cGRhdGVkX2F0IjoiMjAxOC0wMS0yMlQwMDowMDowMC4wMDBaIn0sImZpcnN0X25hbWUiOiJDb25uZWN0IiwibGFzdF9uYW1lIjoiQWRtaW4iLCJidXNpbmVzc191bml0cyI6W10sImFjY2Vzc19yb2xlX3VpZCI6bnVsbH0sInNlc3Npb24iOnsidXNlcl9zZXNzaW9uX3VpZCI6IjkxZDYwMGJkLWRlNzAtNDJhYi1hZTdjLTU3MmY0YzlmOWM0MSIsInVzZXJfc2Vzc2lvbl9pZCI6MjQ2MzIzfSwiaWF0IjoxNzgyMjkxNzQ1fQ.9iwhAmeRuF1C9oCXpGdxrw7cl6RD8vT8MInfacs8tO4"></iframe>
  (Session info: chrome=149.0.7827.156)
Build info: version: '4.20.0', revision: '866c76ca80'
System info: os.name: 'Windows 11', os.arch: 'amd64', os.version: '10.0', java.version: '17.0.10'
Driver info: org.openqa.selenium.chrome.ChromeDriver
Command: [c7790edcb4364e919076faf8a79ea47e, clickElement {id=f.F5F30C3C06FA6B6A49826DE588913CFE.d.ACCF5E5D5DA13B49B98094BB15976509.e.733}]
Capabilities {acceptInsecureCerts: false, browserName: chrome, browserVersion: 149.0.7827.156, chrome: {chromedriverVersion: 149.0.7827.155 (07b52360cc1..., userDataDir: C:\Users\RATHIN~1.K\AppData...}, fedcm:accounts: true, goog:chromeOptions: {debuggerAddress: localhost:51706}, goog:processID: 28820, networkConnectionEnabled: false, pageLoadStrategy: normal, platformName: windows, proxy: Proxy(), se:cdp: ws://localhost:51706/devtoo..., se:cdpVersion: 149.0.7827.156, setWindowRect: true, strictFileInteractability: false, timeouts: {implicit: 0, pageLoad: 300000, script: 30000}, unhandledPromptBehavior: dismiss and notify, webauthn:extension:credBlob: true, webauthn:extension:largeBlob: true, webauthn:extension:minPinLength: true, webauthn:extension:prf: true, webauthn:virtualAuthenticators: true}
Element: [[ChromeDriver: chrome on windows (c7790edcb4364e919076faf8a79ea47e)] -> xpath: //*[contains(text(),'Mark as read')]]
Session ID: c7790edcb4364e919076faf8a79ea47e
at java.base/jdk.internal.reflect.NativeConstructorAccessorImpl.newInstance0(Native Method)
at java.base/jdk.internal.reflect.NativeConstructorAccessorImpl.newInstance(NativeConstructorAccessorImpl.java:77)
at java.base/jdk.internal.reflect.DelegatingConstructorAccessorImpl.newInstance(DelegatingConstructorAccessorImpl.java:45)
at java.base/java.lang.reflect.Constructor.newInstanceWithCaller(Constructor.java:499)
at java.base/java.lang.reflect.Constructor.newInstance(Constructor.java:480)
at org.openqa.selenium.remote.ErrorCodec.decode(ErrorCodec.java:167)
at org.openqa.selenium.remote.codec.w3c.W3CHttpResponseCodec.decode(W3CHttpResponseCodec.java:138)
at org.openqa.selenium.remote.codec.w3c.W3CHttpResponseCodec.decode(W3CHttpResponseCodec.java:50)
at org.openqa.selenium.remote.HttpCommandExecutor.execute(HttpCommandExecutor.java:190)
at org.openqa.selenium.remote.service.DriverCommandExecutor.invokeExecute(DriverCommandExecutor.java:216)
at org.openqa.selenium.remote.service.DriverCommandExecutor.execute(DriverCommandExecutor.java:174)
at org.openqa.selenium.remote.RemoteWebDriver.execute(RemoteWebDriver.java:518)
at org.openqa.selenium.remote.RemoteWebElement.execute(RemoteWebElement.java:223)
at org.openqa.selenium.remote.RemoteWebElement.click(RemoteWebElement.java:76)
at PageObjectRep.ZuperConnectPageFactory.checkTheIncommingMMSMessage(ZuperConnectPageFactory.java:130)
at RunnerClass.TC_CombinedSanityCases_UAT.verify_OutgoingAndIncommingMMS(TC_CombinedSanityCases_UAT.java:204)
at java.base/jdk.internal.reflect.NativeMethodAccessorImpl.invoke0(Native Method)
at java.base/jdk.internal.reflect.NativeMethodAccessorImpl.invoke(NativeMethodAccessorImpl.java:77)
at java.base/jdk.internal.reflect.DelegatingMethodAccessorImpl.invoke(DelegatingMethodAccessorImpl.java:43)
at java.base/java.lang.reflect.Method.invoke(Method.java:568)
at org.testng.internal.invokers.MethodInvocationHelper.invokeMethod(MethodInvocationHelper.java:141)
at org.testng.internal.invokers.TestInvoker.invokeMethod(TestInvoker.java:687)
at org.testng.internal.invokers.TestInvoker.invokeTestMethod(TestInvoker.java:230)
at org.testng.internal.invokers.MethodRunner.runInSequence(MethodRunner.java:63)
at org.testng.internal.invokers.TestInvoker$MethodInvocationAgent.invoke(TestInvoker.java:995)
at org.testng.internal.invokers.TestInvoker.invokeTestMethods(TestInvoker.java:203)
at org.testng.internal.invokers.TestMethodWorker.invokeTestMethods(TestMethodWorker.java:154)
at org.testng.internal.invokers.TestMethodWorker.run(TestMethodWorker.java:134)
at java.base/java.util.ArrayList.forEach(ArrayList.java:1511)
at org.testng.TestRunner.privateRun(TestRunner.java:741)
at org.testng.TestRunner.run(TestRunner.java:616)
at org.testng.SuiteRunner.runTest(SuiteRunner.java:421)
at org.testng.SuiteRunner.runSequentially(SuiteRunner.java:413)
at org.testng.SuiteRunner.privateRun(SuiteRunner.java:373)
at org.testng.SuiteRunner.run(SuiteRunner.java:312)
at org.testng.SuiteRunnerWorker.runSuite(SuiteRunnerWorker.java:52)
at org.testng.SuiteRunnerWorker.run(SuiteRunnerWorker.java:95)
at org.testng.TestNG.runSuitesSequentially(TestNG.java:1274)
at org.testng.TestNG.runSuitesLocally(TestNG.java:1208)
at org.testng.TestNG.runSuites(TestNG.java:1112)
at org.testng.TestNG.run(TestNG.java:1079)
at org.testng.remote.AbstractRemoteTestNG.run(AbstractRemoteTestNG.java:115)
at org.testng.remote.RemoteTestNG.initAndRun(RemoteTestNG.java:293)
at org.testng.remote.RemoteTestNG.main(RemoteTestNG.java:91)
]]>
    </error>
  </testcase> <!-- verify_OutgoingAndIncommingMMS -->
</testsuite> <!-- RunnerClass.TC_CombinedSanityCases_UAT -->
