<?xml version="1.0" encoding="UTF-8"?>
<!-- Generated by org.testng.reporters.JUnitReportReporter -->
<testsuite hostname="Z-LAP-0223" failures="0" tests="1" name="RunnerClass.TC_ContractCreationDeactivateAndActivateFunctionalities" time="61.515" errors="0" timestamp="2026-06-03T08:07:52 EDT" skipped="0">
  <testcase classname="RunnerClass.TC_ContractCreationDeactivateAndActivateFunctionalities" name="verify_ContractCreationDeactivateAndActivateFunctionalities" time="61.515"/>
</testsuite> <!-- RunnerClass.TC_ContractCreationDeactivateAndActivateFunctionalities -->
