<?xml version="1.0" encoding="UTF-8"?>
<!-- Generated by org.testng.reporters.JUnitReportReporter -->
<testsuite hostname="Z-LAP-0223" failures="0" tests="5" name="RunnerClass.TC_CombinedSanityCasesWithoutMinimize" time="428.120" errors="0" timestamp="2026-06-16T01:45:10 EDT" skipped="0">
  <testcase classname="RunnerClass.TC_CombinedSanityCasesWithoutMinimize" name="verify_IncommingAndOutgoingCallsWithTwilioVoiceApp" time="87.013"/>
  <testcase classname="RunnerClass.TC_CombinedSanityCasesWithoutMinimize" name="verify_ColdTransferFunctionality" time="86.025"/>
  <testcase classname="RunnerClass.TC_CombinedSanityCasesWithoutMinimize" name="verify_WarmCallTransferFunctionality" time="64.846"/>
  <testcase classname="RunnerClass.TC_CombinedSanityCasesWithoutMinimize" name="verify_OutgoingAndIncommingMessages" time="80.073"/>
  <testcase classname="RunnerClass.TC_CombinedSanityCasesWithoutMinimize" name="verify_OutgoingAndIncommingMMS" time="110.163"/>
</testsuite> <!-- RunnerClass.TC_CombinedSanityCasesWithoutMinimize -->
