<?xml version="1.0" encoding="UTF-8"?>
<!-- Generated by org.testng.reporters.JUnitReportReporter -->
<testsuite hostname="Z-LAP-0223" failures="0" tests="1" name="RunnerClass.TC_RequestCreationAnCovertToJobFunctionalities" time="72.902" errors="0" timestamp="2026-07-15T05:03:16 EDT" skipped="0">
  <testcase classname="RunnerClass.TC_RequestCreationAnCovertToJobFunctionalities" name="verify_AssetCreationDeactivateAndActivateFunctionalities" time="72.902"/>
</testsuite> <!-- RunnerClass.TC_RequestCreationAnCovertToJobFunctionalities -->
