<?xml version="1.0" encoding="UTF-8"?>
<!-- Generated by org.testng.reporters.JUnitReportReporter -->
<testsuite hostname="Z-LAP-0223" failures="0" tests="1" name="RunnerClass.TC_AssetCreationDeactivateAndActivateFunctionalities" time="55.815" errors="0" timestamp="2026-06-04T02:26:58 EDT" skipped="0">
  <testcase classname="RunnerClass.TC_AssetCreationDeactivateAndActivateFunctionalities" name="verify_AssetCreationDeactivateAndActivateFunctionalities" time="55.815"/>
</testsuite> <!-- RunnerClass.TC_AssetCreationDeactivateAndActivateFunctionalities -->
